{"name":"Rest API Test of Login Authentication","status":"failed","statusDetails":{"known":false,"muted":false,"flaky":false,"message":"\nExpected: The content to match the given JSON schema.\nerror: instance type (string) does not match any allowed primitive type (allowed: [\"integer\"])\n    level: \"error\"\n    schema: {\"loadingURI\":\"file:/Users/gk2210m1s/QA-Automation/target/test-classes/RestTestData/Integration/Auth/AuthLoginSchema.json#\",\"pointer\":\"/properties/data/properties/token\"}\n    instance: {\"pointer\":\"/data/token\"}\n    domain: \"validation\"\n    keyword: \"type\"\n    found: \"string\"\n    expected: [\"integer\"]\n\n     but: was \"{\\\"data\\\":{\\\"expire_in\\\":86400,\\\"token\\\":\\\"eyJhbGciOiJSUzI1NiIsInR5cCI6IkpXVCJ9.eyJhdWQiOiIyMzMyIiwiYXV0aG9yaXNlZCI6dHJ1ZSwiZXhwIjoxNjY4Njc5MDk2LCJpYXQiOjE2Njg1OTI2OTYsImlzcyI6Imdva29tb2RvLmNvIiwicnRva2VuIjoid2VGUEpRREJ0ck9KQ2VDOHhqTENXM2dIdUFXV2VuaE9Scnp6Rzh0eDdqU2JlamE4Iiwic3ViIjoiMTY3OTg4YjgyYzA2MTFlY2I3NmUwYmEyNWEyNDA2NDYiLCJ0eXBlIjowfQ.XfZTUK1xj4MJfiXAxQvraw7aQMw_7awvSOyuOQaUYoCP6Tt4xzYNgmNkTkqA_u7m7h34IzmjZ4zNpSYpqenDnNPIfc605feevxTrFT_CxtTEgpotPs3Z7ohowMiwHKM80HnHC9Q_v-_xG-2fs_mdAS3xgjqAMogtVtEOGhXKEffn4hDF9dlKd7lixCIrJFXCk0FP5OXOJKlIg9WAPSo3dt6rubQdZgmf0m2LCYQdWqzMHeYMhqxV16DjV5j6EbNn9DWrrexGc1puMNR5qqDcWd-7rHS6ZI7g8AV-C-5OP--YQZqwBYO5KqvC_6lSOTkGOk20iFop-dm_lgSVx34rvIo4XoHKv2Y7EnrB1un57ogREGbVOOvueXGFo5IOZPZojFbpkEqmedcYSPjiIRwQ2VfLS53D-5yMZ_tisJWV0EaxKFojosJU2yLjhQ_oa13nn09LZ7k4ra0jUaWph1CEc8KIeo1wEBHdpPlYC5qKpxyHJpSnIN9BlDZMNFTSZKaT_2MzzZ1jDTCu_Peca95z_7ArVjMhnmhC4jvzntkaRiL0E0dSCmhQv0IDkMwrqAp_Fbw_R6VrIAwPbbOFl1s0lRJmXP81sGYXWNCX6vWICNUNFY_wjW8u2E3sYxr8DEIpznUv75BFrQi3aDOrGSBMEJeIBSLLkPloo5-n4aHehO4\\\"},\\\"message\\\":\\\"success\\\",\\\"status\\\":200}\"","trace":"java.lang.AssertionError: \nExpected: The content to match the given JSON schema.\nerror: instance type (string) does not match any allowed primitive type (allowed: [\"integer\"])\n    level: \"error\"\n    schema: {\"loadingURI\":\"file:/Users/gk2210m1s/QA-Automation/target/test-classes/RestTestData/Integration/Auth/AuthLoginSchema.json#\",\"pointer\":\"/properties/data/properties/token\"}\n    instance: {\"pointer\":\"/data/token\"}\n    domain: \"validation\"\n    keyword: \"type\"\n    found: \"string\"\n    expected: [\"integer\"]\n\n     but: was \"{\\\"data\\\":{\\\"expire_in\\\":86400,\\\"token\\\":\\\"eyJhbGciOiJSUzI1NiIsInR5cCI6IkpXVCJ9.eyJhdWQiOiIyMzMyIiwiYXV0aG9yaXNlZCI6dHJ1ZSwiZXhwIjoxNjY4Njc5MDk2LCJpYXQiOjE2Njg1OTI2OTYsImlzcyI6Imdva29tb2RvLmNvIiwicnRva2VuIjoid2VGUEpRREJ0ck9KQ2VDOHhqTENXM2dIdUFXV2VuaE9Scnp6Rzh0eDdqU2JlamE4Iiwic3ViIjoiMTY3OTg4YjgyYzA2MTFlY2I3NmUwYmEyNWEyNDA2NDYiLCJ0eXBlIjowfQ.XfZTUK1xj4MJfiXAxQvraw7aQMw_7awvSOyuOQaUYoCP6Tt4xzYNgmNkTkqA_u7m7h34IzmjZ4zNpSYpqenDnNPIfc605feevxTrFT_CxtTEgpotPs3Z7ohowMiwHKM80HnHC9Q_v-_xG-2fs_mdAS3xgjqAMogtVtEOGhXKEffn4hDF9dlKd7lixCIrJFXCk0FP5OXOJKlIg9WAPSo3dt6rubQdZgmf0m2LCYQdWqzMHeYMhqxV16DjV5j6EbNn9DWrrexGc1puMNR5qqDcWd-7rHS6ZI7g8AV-C-5OP--YQZqwBYO5KqvC_6lSOTkGOk20iFop-dm_lgSVx34rvIo4XoHKv2Y7EnrB1un57ogREGbVOOvueXGFo5IOZPZojFbpkEqmedcYSPjiIRwQ2VfLS53D-5yMZ_tisJWV0EaxKFojosJU2yLjhQ_oa13nn09LZ7k4ra0jUaWph1CEc8KIeo1wEBHdpPlYC5qKpxyHJpSnIN9BlDZMNFTSZKaT_2MzzZ1jDTCu_Peca95z_7ArVjMhnmhC4jvzntkaRiL0E0dSCmhQv0IDkMwrqAp_Fbw_R6VrIAwPbbOFl1s0lRJmXP81sGYXWNCX6vWICNUNFY_wjW8u2E3sYxr8DEIpznUv75BFrQi3aDOrGSBMEJeIBSLLkPloo5-n4aHehO4\\\"},\\\"message\\\":\\\"success\\\",\\\"status\\\":200}\"\n\tat org.hamcrest.MatcherAssert.assertThat(MatcherAssert.java:20)\n\tat org.hamcrest.MatcherAssert.assertThat(MatcherAssert.java:8)\n\tat Gokomodo.BE.Rest.controllers.MainBaseMethod.jsonSchemaCheck(MainBaseMethod.java:378)\n\tat Gokomodo.BE.Integration.Rest.pageObjects.Auth.IntegrationLogin.assertAuthBody(IntegrationLogin.java:29)\n\tat Gokomodo.BE.Integration.Rest.tests.LoginTest.loginUser(LoginTest.java:28)\n\tat sun.reflect.NativeMethodAccessorImpl.invoke0(Native Method)\n\tat sun.reflect.NativeMethodAccessorImpl.invoke(NativeMethodAccessorImpl.java:62)\n\tat sun.reflect.DelegatingMethodAccessorImpl.invoke(DelegatingMethodAccessorImpl.java:43)\n\tat java.lang.reflect.Method.invoke(Method.java:498)\n\tat org.testng.internal.MethodInvocationHelper.invokeMethod(MethodInvocationHelper.java:133)\n\tat org.testng.internal.TestInvoker.invokeMethod(TestInvoker.java:598)\n\tat org.testng.internal.TestInvoker.invokeTestMethod(TestInvoker.java:173)\n\tat org.testng.internal.MethodRunner.runInSequence(MethodRunner.java:46)\n\tat org.testng.internal.TestInvoker$MethodInvocationAgent.invoke(TestInvoker.java:824)\n\tat org.testng.internal.TestInvoker.invokeTestMethods(TestInvoker.java:146)\n\tat org.testng.internal.TestMethodWorker.invokeTestMethods(TestMethodWorker.java:146)\n\tat org.testng.internal.TestMethodWorker.run(TestMethodWorker.java:128)\n\tat java.util.ArrayList.forEach(ArrayList.java:1259)\n\tat org.testng.TestRunner.privateRun(TestRunner.java:794)\n\tat org.testng.TestRunner.run(TestRunner.java:596)\n\tat org.testng.SuiteRunner.runTest(SuiteRunner.java:377)\n\tat org.testng.SuiteRunner.runSequentially(SuiteRunner.java:371)\n\tat org.testng.SuiteRunner.privateRun(SuiteRunner.java:332)\n\tat org.testng.SuiteRunner.run(SuiteRunner.java:276)\n\tat org.testng.SuiteRunnerWorker.runSuite(SuiteRunnerWorker.java:53)\n\tat org.testng.SuiteRunnerWorker.run(SuiteRunnerWorker.java:96)\n\tat org.testng.TestNG.runSuitesSequentially(TestNG.java:1212)\n\tat org.testng.TestNG.runSuitesLocally(TestNG.java:1134)\n\tat org.testng.TestNG.runSuites(TestNG.java:1063)\n\tat org.testng.TestNG.run(TestNG.java:1031)\n\tat com.intellij.rt.testng.IDEARemoteTestNG.run(IDEARemoteTestNG.java:66)\n\tat com.intellij.rt.testng.RemoteTestNGStarter.main(RemoteTestNGStarter.java:109)\n"},"stage":"finished","description":"Login Authentication","steps":[{"name":"As a dev, I input login credential","status":"passed","stage":"finished","steps":[],"attachments":[{"name":"Request","source":"e8c88328-3559-465c-877b-af305223cc58-attachment.html","type":"text/html"},{"name":"HTTP/1.1 200 OK","source":"0a9bdb47-a6e4-4bd2-abd6-40578c110474-attachment.html","type":"text/html"}],"parameters":[],"start":1668592691781,"stop":1668592696657},{"name":"As a dev, I want to get the correct status code","status":"passed","stage":"finished","steps":[],"attachments":[],"parameters":[],"start":1668592696659,"stop":1668592696662},{"name":"As a dev, I want to get the correct response body","status":"failed","statusDetails":{"known":false,"muted":false,"flaky":false,"message":"\nExpected: The content to match the given JSON schema.\nerror: instance type (string) does not match any allowed primitive type (allowed: [\"integer\"])\n    level: \"error\"\n    schema: {\"loadingURI\":\"file:/Users/gk2210m1s/QA-Automation/target/test-classes/RestTestData/Integration/Auth/AuthLoginSchema.json#\",\"pointer\":\"/properties/data/properties/token\"}\n    instance: {\"pointer\":\"/data/token\"}\n    domain: \"validation\"\n    keyword: \"type\"\n    found: \"string\"\n    expected: [\"integer\"]\n\n     but: was \"{\\\"data\\\":{\\\"expire_in\\\":86400,\\\"token\\\":\\\"eyJhbGciOiJSUzI1NiIsInR5cCI6IkpXVCJ9.eyJhdWQiOiIyMzMyIiwiYXV0aG9yaXNlZCI6dHJ1ZSwiZXhwIjoxNjY4Njc5MDk2LCJpYXQiOjE2Njg1OTI2OTYsImlzcyI6Imdva29tb2RvLmNvIiwicnRva2VuIjoid2VGUEpRREJ0ck9KQ2VDOHhqTENXM2dIdUFXV2VuaE9Scnp6Rzh0eDdqU2JlamE4Iiwic3ViIjoiMTY3OTg4YjgyYzA2MTFlY2I3NmUwYmEyNWEyNDA2NDYiLCJ0eXBlIjowfQ.XfZTUK1xj4MJfiXAxQvraw7aQMw_7awvSOyuOQaUYoCP6Tt4xzYNgmNkTkqA_u7m7h34IzmjZ4zNpSYpqenDnNPIfc605feevxTrFT_CxtTEgpotPs3Z7ohowMiwHKM80HnHC9Q_v-_xG-2fs_mdAS3xgjqAMogtVtEOGhXKEffn4hDF9dlKd7lixCIrJFXCk0FP5OXOJKlIg9WAPSo3dt6rubQdZgmf0m2LCYQdWqzMHeYMhqxV16DjV5j6EbNn9DWrrexGc1puMNR5qqDcWd-7rHS6ZI7g8AV-C-5OP--YQZqwBYO5KqvC_6lSOTkGOk20iFop-dm_lgSVx34rvIo4XoHKv2Y7EnrB1un57ogREGbVOOvueXGFo5IOZPZojFbpkEqmedcYSPjiIRwQ2VfLS53D-5yMZ_tisJWV0EaxKFojosJU2yLjhQ_oa13nn09LZ7k4ra0jUaWph1CEc8KIeo1wEBHdpPlYC5qKpxyHJpSnIN9BlDZMNFTSZKaT_2MzzZ1jDTCu_Peca95z_7ArVjMhnmhC4jvzntkaRiL0E0dSCmhQv0IDkMwrqAp_Fbw_R6VrIAwPbbOFl1s0lRJmXP81sGYXWNCX6vWICNUNFY_wjW8u2E3sYxr8DEIpznUv75BFrQi3aDOrGSBMEJeIBSLLkPloo5-n4aHehO4\\\"},\\\"message\\\":\\\"success\\\",\\\"status\\\":200}\"","trace":"java.lang.AssertionError: \nExpected: The content to match the given JSON schema.\nerror: instance type (string) does not match any allowed primitive type (allowed: [\"integer\"])\n    level: \"error\"\n    schema: {\"loadingURI\":\"file:/Users/gk2210m1s/QA-Automation/target/test-classes/RestTestData/Integration/Auth/AuthLoginSchema.json#\",\"pointer\":\"/properties/data/properties/token\"}\n    instance: {\"pointer\":\"/data/token\"}\n    domain: \"validation\"\n    keyword: \"type\"\n    found: \"string\"\n    expected: [\"integer\"]\n\n     but: was \"{\\\"data\\\":{\\\"expire_in\\\":86400,\\\"token\\\":\\\"eyJhbGciOiJSUzI1NiIsInR5cCI6IkpXVCJ9.eyJhdWQiOiIyMzMyIiwiYXV0aG9yaXNlZCI6dHJ1ZSwiZXhwIjoxNjY4Njc5MDk2LCJpYXQiOjE2Njg1OTI2OTYsImlzcyI6Imdva29tb2RvLmNvIiwicnRva2VuIjoid2VGUEpRREJ0ck9KQ2VDOHhqTENXM2dIdUFXV2VuaE9Scnp6Rzh0eDdqU2JlamE4Iiwic3ViIjoiMTY3OTg4YjgyYzA2MTFlY2I3NmUwYmEyNWEyNDA2NDYiLCJ0eXBlIjowfQ.XfZTUK1xj4MJfiXAxQvraw7aQMw_7awvSOyuOQaUYoCP6Tt4xzYNgmNkTkqA_u7m7h34IzmjZ4zNpSYpqenDnNPIfc605feevxTrFT_CxtTEgpotPs3Z7ohowMiwHKM80HnHC9Q_v-_xG-2fs_mdAS3xgjqAMogtVtEOGhXKEffn4hDF9dlKd7lixCIrJFXCk0FP5OXOJKlIg9WAPSo3dt6rubQdZgmf0m2LCYQdWqzMHeYMhqxV16DjV5j6EbNn9DWrrexGc1puMNR5qqDcWd-7rHS6ZI7g8AV-C-5OP--YQZqwBYO5KqvC_6lSOTkGOk20iFop-dm_lgSVx34rvIo4XoHKv2Y7EnrB1un57ogREGbVOOvueXGFo5IOZPZojFbpkEqmedcYSPjiIRwQ2VfLS53D-5yMZ_tisJWV0EaxKFojosJU2yLjhQ_oa13nn09LZ7k4ra0jUaWph1CEc8KIeo1wEBHdpPlYC5qKpxyHJpSnIN9BlDZMNFTSZKaT_2MzzZ1jDTCu_Peca95z_7ArVjMhnmhC4jvzntkaRiL0E0dSCmhQv0IDkMwrqAp_Fbw_R6VrIAwPbbOFl1s0lRJmXP81sGYXWNCX6vWICNUNFY_wjW8u2E3sYxr8DEIpznUv75BFrQi3aDOrGSBMEJeIBSLLkPloo5-n4aHehO4\\\"},\\\"message\\\":\\\"success\\\",\\\"status\\\":200}\"\n\tat org.hamcrest.MatcherAssert.assertThat(MatcherAssert.java:20)\n\tat org.hamcrest.MatcherAssert.assertThat(MatcherAssert.java:8)\n\tat Gokomodo.BE.Rest.controllers.MainBaseMethod.jsonSchemaCheck(MainBaseMethod.java:378)\n\tat Gokomodo.BE.Integration.Rest.pageObjects.Auth.IntegrationLogin.assertAuthBody(IntegrationLogin.java:29)\n\tat Gokomodo.BE.Integration.Rest.tests.LoginTest.loginUser(LoginTest.java:28)\n\tat sun.reflect.NativeMethodAccessorImpl.invoke0(Native Method)\n\tat sun.reflect.NativeMethodAccessorImpl.invoke(NativeMethodAccessorImpl.java:62)\n\tat sun.reflect.DelegatingMethodAccessorImpl.invoke(DelegatingMethodAccessorImpl.java:43)\n\tat java.lang.reflect.Method.invoke(Method.java:498)\n\tat org.testng.internal.MethodInvocationHelper.invokeMethod(MethodInvocationHelper.java:133)\n\tat org.testng.internal.TestInvoker.invokeMethod(TestInvoker.java:598)\n\tat org.testng.internal.TestInvoker.invokeTestMethod(TestInvoker.java:173)\n\tat org.testng.internal.MethodRunner.runInSequence(MethodRunner.java:46)\n\tat org.testng.internal.TestInvoker$MethodInvocationAgent.invoke(TestInvoker.java:824)\n\tat org.testng.internal.TestInvoker.invokeTestMethods(TestInvoker.java:146)\n\tat org.testng.internal.TestMethodWorker.invokeTestMethods(TestMethodWorker.java:146)\n\tat org.testng.internal.TestMethodWorker.run(TestMethodWorker.java:128)\n\tat java.util.ArrayList.forEach(ArrayList.java:1259)\n\tat org.testng.TestRunner.privateRun(TestRunner.java:794)\n\tat org.testng.TestRunner.run(TestRunner.java:596)\n\tat org.testng.SuiteRunner.runTest(SuiteRunner.java:377)\n\tat org.testng.SuiteRunner.runSequentially(SuiteRunner.java:371)\n\tat org.testng.SuiteRunner.privateRun(SuiteRunner.java:332)\n\tat org.testng.SuiteRunner.run(SuiteRunner.java:276)\n\tat org.testng.SuiteRunnerWorker.runSuite(SuiteRunnerWorker.java:53)\n\tat org.testng.SuiteRunnerWorker.run(SuiteRunnerWorker.java:96)\n\tat org.testng.TestNG.runSuitesSequentially(TestNG.java:1212)\n\tat org.testng.TestNG.runSuitesLocally(TestNG.java:1134)\n\tat org.testng.TestNG.runSuites(TestNG.java:1063)\n\tat org.testng.TestNG.run(TestNG.java:1031)\n\tat com.intellij.rt.testng.IDEARemoteTestNG.run(IDEARemoteTestNG.java:66)\n\tat com.intellij.rt.testng.RemoteTestNGStarter.main(RemoteTestNGStarter.java:109)\n"},"stage":"finished","steps":[],"attachments":[],"parameters":[],"start":1668592696662,"stop":1668592697298}],"attachments":[],"parameters":[],"start":1668592691487,"stop":1668592697321,"uuid":"514a8e7f-89d4-46b2-8704-ae3ef99f2eda","historyId":"a17f250077b4ea2e39ebbeabf0fad681","fullName":"Gokomodo.BE.Integration.Rest.tests.LoginTest.loginUser","labels":[{"name":"package","value":"Gokomodo.BE.Integration.Rest.tests.LoginTest"},{"name":"testClass","value":"Gokomodo.BE.Integration.Rest.tests.LoginTest"},{"name":"testMethod","value":"loginUser"},{"name":"parentSuite","value":"Default Suite"},{"name":"suite","value":"QA-Automation"},{"name":"subSuite","value":"Gokomodo.BE.Integration.Rest.tests.LoginTest"},{"name":"host","value":"Admins-MacBook-Air.local"},{"name":"thread","value":"92759@Admins-MacBook-Air.local.main(1)"},{"name":"framework","value":"testng"},{"name":"language","value":"java"}],"links":[]}