{"name":"Rest API Test of Login Authentication","status":"failed","statusDetails":{"known":false,"muted":false,"flaky":false,"message":"\nExpected: The content to match the given JSON schema.\nerror: instance type (string) does not match any allowed primitive type (allowed: [\"integer\"])\n    level: \"error\"\n    schema: {\"loadingURI\":\"file:/Users/gk2210m1s/QA-Automation/target/test-classes/RestTestData/Integration/Auth/AuthLoginSchema.json#\",\"pointer\":\"/properties/data/properties/token\"}\n    instance: {\"pointer\":\"/data/token\"}\n    domain: \"validation\"\n    keyword: \"type\"\n    found: \"string\"\n    expected: [\"integer\"]\n\n     but: was \"{\\\"data\\\":{\\\"expire_in\\\":86400,\\\"token\\\":\\\"eyJhbGciOiJSUzI1NiIsInR5cCI6IkpXVCJ9.eyJhdWQiOiIyMzMyIiwiYXV0aG9yaXNlZCI6dHJ1ZSwiZXhwIjoxNjY4Njc5MzQ1LCJpYXQiOjE2Njg1OTI5NDUsImlzcyI6Imdva29tb2RvLmNvIiwicnRva2VuIjoiSEhiTXFWOFRhZFdvZXJMdGEwR2Z5cFk2MWRDRWw0SURBdFhEem5JUVQyYkdkUnU4UUEiLCJzdWIiOiIxNjc5ODhiODJjMDYxMWVjYjc2ZTBiYTI1YTI0MDY0NiIsInR5cGUiOjB9.knLuHCjhIPCqq60D3-P_MMkE83vR2g6hzS5zGuZH9YWVqhAQnK_ik2fh4_wr_5k_ezPPuI_DeAbcfwyL9y64OejbFrOVA7tDUWcJ8KEf_Ot7p9i9YJI02LyNx5lEkpg6DISonfbgneo40I69tOtMp_VXfiaVLgel94mNpqEb1ntp_m38p8SOX2cmUjklhlKCpA66ZIwxwFohlfrdcMgi18CDrJ7uttajULV00dMJ9MF_vYkaaZ68xwNJbviaszfj9-2A61d8Nh-9mWKHkiNzyr6SVbYSDu9B0pibDzPv3wbP1ez8JQE2k5cdnfx_4nL9_Ut3smyk1UBSKKD_HBePX0LhFuFc9YrpUlRvhbwL8yPRkKNAvCMT8UuPbd8zmfB9cs0dihIyD0zk3ueOCcrlIJz2bfeJOfi54rWL46tnp6FUMReP5YuRcFr83XMpRDMJUcDI7Abpd-0CcQSADtVilNGI1f_iZoYkAETGL0AlU1GLIZTBQcuKOTSw0qXkRKqdN8pz7eKLlmcytRZ5bo1mRXz3paqC45YIMUD1nOa3D4pal1uJF6HQ-okrXFfA6FP6zJn2DfuOvdvGT9phR1D1CeRl8or_B9scSi7B6a17jY7sv-ehMsteeHHCXu6gDAbhzrZOfxh_bgHFQyi806Q7D9xoa-axJuoQZSadPH9a4BA\\\"},\\\"message\\\":\\\"success\\\",\\\"status\\\":200}\"","trace":"java.lang.AssertionError: \nExpected: The content to match the given JSON schema.\nerror: instance type (string) does not match any allowed primitive type (allowed: [\"integer\"])\n    level: \"error\"\n    schema: {\"loadingURI\":\"file:/Users/gk2210m1s/QA-Automation/target/test-classes/RestTestData/Integration/Auth/AuthLoginSchema.json#\",\"pointer\":\"/properties/data/properties/token\"}\n    instance: {\"pointer\":\"/data/token\"}\n    domain: \"validation\"\n    keyword: \"type\"\n    found: \"string\"\n    expected: [\"integer\"]\n\n     but: was \"{\\\"data\\\":{\\\"expire_in\\\":86400,\\\"token\\\":\\\"eyJhbGciOiJSUzI1NiIsInR5cCI6IkpXVCJ9.eyJhdWQiOiIyMzMyIiwiYXV0aG9yaXNlZCI6dHJ1ZSwiZXhwIjoxNjY4Njc5MzQ1LCJpYXQiOjE2Njg1OTI5NDUsImlzcyI6Imdva29tb2RvLmNvIiwicnRva2VuIjoiSEhiTXFWOFRhZFdvZXJMdGEwR2Z5cFk2MWRDRWw0SURBdFhEem5JUVQyYkdkUnU4UUEiLCJzdWIiOiIxNjc5ODhiODJjMDYxMWVjYjc2ZTBiYTI1YTI0MDY0NiIsInR5cGUiOjB9.knLuHCjhIPCqq60D3-P_MMkE83vR2g6hzS5zGuZH9YWVqhAQnK_ik2fh4_wr_5k_ezPPuI_DeAbcfwyL9y64OejbFrOVA7tDUWcJ8KEf_Ot7p9i9YJI02LyNx5lEkpg6DISonfbgneo40I69tOtMp_VXfiaVLgel94mNpqEb1ntp_m38p8SOX2cmUjklhlKCpA66ZIwxwFohlfrdcMgi18CDrJ7uttajULV00dMJ9MF_vYkaaZ68xwNJbviaszfj9-2A61d8Nh-9mWKHkiNzyr6SVbYSDu9B0pibDzPv3wbP1ez8JQE2k5cdnfx_4nL9_Ut3smyk1UBSKKD_HBePX0LhFuFc9YrpUlRvhbwL8yPRkKNAvCMT8UuPbd8zmfB9cs0dihIyD0zk3ueOCcrlIJz2bfeJOfi54rWL46tnp6FUMReP5YuRcFr83XMpRDMJUcDI7Abpd-0CcQSADtVilNGI1f_iZoYkAETGL0AlU1GLIZTBQcuKOTSw0qXkRKqdN8pz7eKLlmcytRZ5bo1mRXz3paqC45YIMUD1nOa3D4pal1uJF6HQ-okrXFfA6FP6zJn2DfuOvdvGT9phR1D1CeRl8or_B9scSi7B6a17jY7sv-ehMsteeHHCXu6gDAbhzrZOfxh_bgHFQyi806Q7D9xoa-axJuoQZSadPH9a4BA\\\"},\\\"message\\\":\\\"success\\\",\\\"status\\\":200}\"\n\tat org.hamcrest.MatcherAssert.assertThat(MatcherAssert.java:20)\n\tat org.hamcrest.MatcherAssert.assertThat(MatcherAssert.java:8)\n\tat Gokomodo.BE.Rest.controllers.MainBaseMethod.jsonSchemaCheck(MainBaseMethod.java:378)\n\tat Gokomodo.BE.Integration.Rest.pageObjects.Auth.IntegrationLogin.assertAuthBody(IntegrationLogin.java:29)\n\tat Gokomodo.BE.Integration.Rest.tests.LoginTest.loginUser(LoginTest.java:28)\n\tat sun.reflect.NativeMethodAccessorImpl.invoke0(Native Method)\n\tat sun.reflect.NativeMethodAccessorImpl.invoke(NativeMethodAccessorImpl.java:62)\n\tat sun.reflect.DelegatingMethodAccessorImpl.invoke(DelegatingMethodAccessorImpl.java:43)\n\tat java.lang.reflect.Method.invoke(Method.java:498)\n\tat org.testng.internal.MethodInvocationHelper.invokeMethod(MethodInvocationHelper.java:133)\n\tat org.testng.internal.TestInvoker.invokeMethod(TestInvoker.java:598)\n\tat org.testng.internal.TestInvoker.invokeTestMethod(TestInvoker.java:173)\n\tat org.testng.internal.MethodRunner.runInSequence(MethodRunner.java:46)\n\tat org.testng.internal.TestInvoker$MethodInvocationAgent.invoke(TestInvoker.java:824)\n\tat org.testng.internal.TestInvoker.invokeTestMethods(TestInvoker.java:146)\n\tat org.testng.internal.TestMethodWorker.invokeTestMethods(TestMethodWorker.java:146)\n\tat org.testng.internal.TestMethodWorker.run(TestMethodWorker.java:128)\n\tat java.util.ArrayList.forEach(ArrayList.java:1259)\n\tat org.testng.TestRunner.privateRun(TestRunner.java:794)\n\tat org.testng.TestRunner.run(TestRunner.java:596)\n\tat org.testng.SuiteRunner.runTest(SuiteRunner.java:377)\n\tat org.testng.SuiteRunner.runSequentially(SuiteRunner.java:371)\n\tat org.testng.SuiteRunner.privateRun(SuiteRunner.java:332)\n\tat org.testng.SuiteRunner.run(SuiteRunner.java:276)\n\tat org.testng.SuiteRunnerWorker.runSuite(SuiteRunnerWorker.java:53)\n\tat org.testng.SuiteRunnerWorker.run(SuiteRunnerWorker.java:96)\n\tat org.testng.TestNG.runSuitesSequentially(TestNG.java:1212)\n\tat org.testng.TestNG.runSuitesLocally(TestNG.java:1134)\n\tat org.testng.TestNG.runSuites(TestNG.java:1063)\n\tat org.testng.TestNG.run(TestNG.java:1031)\n\tat com.intellij.rt.testng.IDEARemoteTestNG.run(IDEARemoteTestNG.java:66)\n\tat com.intellij.rt.testng.RemoteTestNGStarter.main(RemoteTestNGStarter.java:109)\n"},"stage":"finished","description":"Login Authentication","steps":[{"name":"As a dev, I input login credential","status":"passed","stage":"finished","steps":[],"attachments":[{"name":"Request","source":"2ee26b0a-ea35-40ce-8606-3e2083e07f1a-attachment.html","type":"text/html"},{"name":"HTTP/1.1 200 OK","source":"335f422f-c5ad-4085-8bb0-a67f05433592-attachment.html","type":"text/html"}],"parameters":[],"start":1668592941338,"stop":1668592945755},{"name":"As a dev, I want to get the correct status code","status":"passed","stage":"finished","steps":[],"attachments":[],"parameters":[],"start":1668592945756,"stop":1668592945760},{"name":"As a dev, I want to get the correct response body","status":"failed","statusDetails":{"known":false,"muted":false,"flaky":false,"message":"\nExpected: The content to match the given JSON schema.\nerror: instance type (string) does not match any allowed primitive type (allowed: [\"integer\"])\n    level: \"error\"\n    schema: {\"loadingURI\":\"file:/Users/gk2210m1s/QA-Automation/target/test-classes/RestTestData/Integration/Auth/AuthLoginSchema.json#\",\"pointer\":\"/properties/data/properties/token\"}\n    instance: {\"pointer\":\"/data/token\"}\n    domain: \"validation\"\n    keyword: \"type\"\n    found: \"string\"\n    expected: [\"integer\"]\n\n     but: was \"{\\\"data\\\":{\\\"expire_in\\\":86400,\\\"token\\\":\\\"eyJhbGciOiJSUzI1NiIsInR5cCI6IkpXVCJ9.eyJhdWQiOiIyMzMyIiwiYXV0aG9yaXNlZCI6dHJ1ZSwiZXhwIjoxNjY4Njc5MzQ1LCJpYXQiOjE2Njg1OTI5NDUsImlzcyI6Imdva29tb2RvLmNvIiwicnRva2VuIjoiSEhiTXFWOFRhZFdvZXJMdGEwR2Z5cFk2MWRDRWw0SURBdFhEem5JUVQyYkdkUnU4UUEiLCJzdWIiOiIxNjc5ODhiODJjMDYxMWVjYjc2ZTBiYTI1YTI0MDY0NiIsInR5cGUiOjB9.knLuHCjhIPCqq60D3-P_MMkE83vR2g6hzS5zGuZH9YWVqhAQnK_ik2fh4_wr_5k_ezPPuI_DeAbcfwyL9y64OejbFrOVA7tDUWcJ8KEf_Ot7p9i9YJI02LyNx5lEkpg6DISonfbgneo40I69tOtMp_VXfiaVLgel94mNpqEb1ntp_m38p8SOX2cmUjklhlKCpA66ZIwxwFohlfrdcMgi18CDrJ7uttajULV00dMJ9MF_vYkaaZ68xwNJbviaszfj9-2A61d8Nh-9mWKHkiNzyr6SVbYSDu9B0pibDzPv3wbP1ez8JQE2k5cdnfx_4nL9_Ut3smyk1UBSKKD_HBePX0LhFuFc9YrpUlRvhbwL8yPRkKNAvCMT8UuPbd8zmfB9cs0dihIyD0zk3ueOCcrlIJz2bfeJOfi54rWL46tnp6FUMReP5YuRcFr83XMpRDMJUcDI7Abpd-0CcQSADtVilNGI1f_iZoYkAETGL0AlU1GLIZTBQcuKOTSw0qXkRKqdN8pz7eKLlmcytRZ5bo1mRXz3paqC45YIMUD1nOa3D4pal1uJF6HQ-okrXFfA6FP6zJn2DfuOvdvGT9phR1D1CeRl8or_B9scSi7B6a17jY7sv-ehMsteeHHCXu6gDAbhzrZOfxh_bgHFQyi806Q7D9xoa-axJuoQZSadPH9a4BA\\\"},\\\"message\\\":\\\"success\\\",\\\"status\\\":200}\"","trace":"java.lang.AssertionError: \nExpected: The content to match the given JSON schema.\nerror: instance type (string) does not match any allowed primitive type (allowed: [\"integer\"])\n    level: \"error\"\n    schema: {\"loadingURI\":\"file:/Users/gk2210m1s/QA-Automation/target/test-classes/RestTestData/Integration/Auth/AuthLoginSchema.json#\",\"pointer\":\"/properties/data/properties/token\"}\n    instance: {\"pointer\":\"/data/token\"}\n    domain: \"validation\"\n    keyword: \"type\"\n    found: \"string\"\n    expected: [\"integer\"]\n\n     but: was \"{\\\"data\\\":{\\\"expire_in\\\":86400,\\\"token\\\":\\\"eyJhbGciOiJSUzI1NiIsInR5cCI6IkpXVCJ9.eyJhdWQiOiIyMzMyIiwiYXV0aG9yaXNlZCI6dHJ1ZSwiZXhwIjoxNjY4Njc5MzQ1LCJpYXQiOjE2Njg1OTI5NDUsImlzcyI6Imdva29tb2RvLmNvIiwicnRva2VuIjoiSEhiTXFWOFRhZFdvZXJMdGEwR2Z5cFk2MWRDRWw0SURBdFhEem5JUVQyYkdkUnU4UUEiLCJzdWIiOiIxNjc5ODhiODJjMDYxMWVjYjc2ZTBiYTI1YTI0MDY0NiIsInR5cGUiOjB9.knLuHCjhIPCqq60D3-P_MMkE83vR2g6hzS5zGuZH9YWVqhAQnK_ik2fh4_wr_5k_ezPPuI_DeAbcfwyL9y64OejbFrOVA7tDUWcJ8KEf_Ot7p9i9YJI02LyNx5lEkpg6DISonfbgneo40I69tOtMp_VXfiaVLgel94mNpqEb1ntp_m38p8SOX2cmUjklhlKCpA66ZIwxwFohlfrdcMgi18CDrJ7uttajULV00dMJ9MF_vYkaaZ68xwNJbviaszfj9-2A61d8Nh-9mWKHkiNzyr6SVbYSDu9B0pibDzPv3wbP1ez8JQE2k5cdnfx_4nL9_Ut3smyk1UBSKKD_HBePX0LhFuFc9YrpUlRvhbwL8yPRkKNAvCMT8UuPbd8zmfB9cs0dihIyD0zk3ueOCcrlIJz2bfeJOfi54rWL46tnp6FUMReP5YuRcFr83XMpRDMJUcDI7Abpd-0CcQSADtVilNGI1f_iZoYkAETGL0AlU1GLIZTBQcuKOTSw0qXkRKqdN8pz7eKLlmcytRZ5bo1mRXz3paqC45YIMUD1nOa3D4pal1uJF6HQ-okrXFfA6FP6zJn2DfuOvdvGT9phR1D1CeRl8or_B9scSi7B6a17jY7sv-ehMsteeHHCXu6gDAbhzrZOfxh_bgHFQyi806Q7D9xoa-axJuoQZSadPH9a4BA\\\"},\\\"message\\\":\\\"success\\\",\\\"status\\\":200}\"\n\tat org.hamcrest.MatcherAssert.assertThat(MatcherAssert.java:20)\n\tat org.hamcrest.MatcherAssert.assertThat(MatcherAssert.java:8)\n\tat Gokomodo.BE.Rest.controllers.MainBaseMethod.jsonSchemaCheck(MainBaseMethod.java:378)\n\tat Gokomodo.BE.Integration.Rest.pageObjects.Auth.IntegrationLogin.assertAuthBody(IntegrationLogin.java:29)\n\tat Gokomodo.BE.Integration.Rest.tests.LoginTest.loginUser(LoginTest.java:28)\n\tat sun.reflect.NativeMethodAccessorImpl.invoke0(Native Method)\n\tat sun.reflect.NativeMethodAccessorImpl.invoke(NativeMethodAccessorImpl.java:62)\n\tat sun.reflect.DelegatingMethodAccessorImpl.invoke(DelegatingMethodAccessorImpl.java:43)\n\tat java.lang.reflect.Method.invoke(Method.java:498)\n\tat org.testng.internal.MethodInvocationHelper.invokeMethod(MethodInvocationHelper.java:133)\n\tat org.testng.internal.TestInvoker.invokeMethod(TestInvoker.java:598)\n\tat org.testng.internal.TestInvoker.invokeTestMethod(TestInvoker.java:173)\n\tat org.testng.internal.MethodRunner.runInSequence(MethodRunner.java:46)\n\tat org.testng.internal.TestInvoker$MethodInvocationAgent.invoke(TestInvoker.java:824)\n\tat org.testng.internal.TestInvoker.invokeTestMethods(TestInvoker.java:146)\n\tat org.testng.internal.TestMethodWorker.invokeTestMethods(TestMethodWorker.java:146)\n\tat org.testng.internal.TestMethodWorker.run(TestMethodWorker.java:128)\n\tat java.util.ArrayList.forEach(ArrayList.java:1259)\n\tat org.testng.TestRunner.privateRun(TestRunner.java:794)\n\tat org.testng.TestRunner.run(TestRunner.java:596)\n\tat org.testng.SuiteRunner.runTest(SuiteRunner.java:377)\n\tat org.testng.SuiteRunner.runSequentially(SuiteRunner.java:371)\n\tat org.testng.SuiteRunner.privateRun(SuiteRunner.java:332)\n\tat org.testng.SuiteRunner.run(SuiteRunner.java:276)\n\tat org.testng.SuiteRunnerWorker.runSuite(SuiteRunnerWorker.java:53)\n\tat org.testng.SuiteRunnerWorker.run(SuiteRunnerWorker.java:96)\n\tat org.testng.TestNG.runSuitesSequentially(TestNG.java:1212)\n\tat org.testng.TestNG.runSuitesLocally(TestNG.java:1134)\n\tat org.testng.TestNG.runSuites(TestNG.java:1063)\n\tat org.testng.TestNG.run(TestNG.java:1031)\n\tat com.intellij.rt.testng.IDEARemoteTestNG.run(IDEARemoteTestNG.java:66)\n\tat com.intellij.rt.testng.RemoteTestNGStarter.main(RemoteTestNGStarter.java:109)\n"},"stage":"finished","steps":[],"attachments":[],"parameters":[],"start":1668592945760,"stop":1668592946361}],"attachments":[],"parameters":[],"start":1668592941075,"stop":1668592946382,"uuid":"65fc09e6-5a96-496f-96e1-a4f96e90970f","historyId":"a17f250077b4ea2e39ebbeabf0fad681","fullName":"Gokomodo.BE.Integration.Rest.tests.LoginTest.loginUser","labels":[{"name":"package","value":"Gokomodo.BE.Integration.Rest.tests.LoginTest"},{"name":"testClass","value":"Gokomodo.BE.Integration.Rest.tests.LoginTest"},{"name":"testMethod","value":"loginUser"},{"name":"parentSuite","value":"Default Suite"},{"name":"suite","value":"QA-Automation"},{"name":"subSuite","value":"Gokomodo.BE.Integration.Rest.tests.LoginTest"},{"name":"host","value":"Admins-MacBook-Air.local"},{"name":"thread","value":"92883@Admins-MacBook-Air.local.main(1)"},{"name":"framework","value":"testng"},{"name":"language","value":"java"}],"links":[]}