{"name":"Rest API Test of Login Authentication","status":"failed","statusDetails":{"known":false,"muted":false,"flaky":false,"message":"expected [200] but found [404]","trace":"java.lang.AssertionError: expected [200] but found [404]\n\tat org.testng.Assert.fail(Assert.java:99)\n\tat org.testng.Assert.failNotEquals(Assert.java:1037)\n\tat org.testng.Assert.assertEqualsImpl(Assert.java:140)\n\tat org.testng.Assert.assertEquals(Assert.java:122)\n\tat org.testng.Assert.assertEquals(Assert.java:907)\n\tat org.testng.Assert.assertEquals(Assert.java:917)\n\tat Gokomodo.BE.Rest.controllers.MainBaseMethod.assertStatusCode(MainBaseMethod.java:270)\n\tat Gokomodo.BE.Integration.Rest.pageObjects.Auth.IntegrationLogin.assertAuthStatusCode(IntegrationLogin.java:23)\n\tat Gokomodo.BE.Integration.Rest.tests.LoginTest.loginUser(LoginTest.java:28)\n\tat sun.reflect.NativeMethodAccessorImpl.invoke0(Native Method)\n\tat sun.reflect.NativeMethodAccessorImpl.invoke(NativeMethodAccessorImpl.java:62)\n\tat sun.reflect.DelegatingMethodAccessorImpl.invoke(DelegatingMethodAccessorImpl.java:43)\n\tat java.lang.reflect.Method.invoke(Method.java:498)\n\tat org.testng.internal.MethodInvocationHelper.invokeMethod(MethodInvocationHelper.java:133)\n\tat org.testng.internal.TestInvoker.invokeMethod(TestInvoker.java:598)\n\tat org.testng.internal.TestInvoker.invokeTestMethod(TestInvoker.java:173)\n\tat org.testng.internal.MethodRunner.runInSequence(MethodRunner.java:46)\n\tat org.testng.internal.TestInvoker$MethodInvocationAgent.invoke(TestInvoker.java:824)\n\tat org.testng.internal.TestInvoker.invokeTestMethods(TestInvoker.java:146)\n\tat org.testng.internal.TestMethodWorker.invokeTestMethods(TestMethodWorker.java:146)\n\tat org.testng.internal.TestMethodWorker.run(TestMethodWorker.java:128)\n\tat java.util.ArrayList.forEach(ArrayList.java:1259)\n\tat org.testng.TestRunner.privateRun(TestRunner.java:794)\n\tat org.testng.TestRunner.run(TestRunner.java:596)\n\tat org.testng.SuiteRunner.runTest(SuiteRunner.java:377)\n\tat org.testng.SuiteRunner.runSequentially(SuiteRunner.java:371)\n\tat org.testng.SuiteRunner.privateRun(SuiteRunner.java:332)\n\tat org.testng.SuiteRunner.run(SuiteRunner.java:276)\n\tat org.testng.SuiteRunnerWorker.runSuite(SuiteRunnerWorker.java:53)\n\tat org.testng.SuiteRunnerWorker.run(SuiteRunnerWorker.java:96)\n\tat org.testng.TestNG.runSuitesSequentially(TestNG.java:1212)\n\tat org.testng.TestNG.runSuitesLocally(TestNG.java:1134)\n\tat org.testng.TestNG.runSuites(TestNG.java:1063)\n\tat org.testng.TestNG.run(TestNG.java:1031)\n\tat com.intellij.rt.testng.IDEARemoteTestNG.run(IDEARemoteTestNG.java:66)\n\tat com.intellij.rt.testng.RemoteTestNGStarter.main(RemoteTestNGStarter.java:109)\n"},"stage":"finished","description":"Login Authentication","steps":[{"name":"As a dev, I input login credential","status":"passed","stage":"finished","steps":[],"attachments":[{"name":"Request","source":"f44db855-8876-4c53-b02f-0be3e90e197f-attachment.html","type":"text/html"},{"name":"HTTP/1.1 404 Not Found","source":"c4ace583-35df-4387-9ce0-c03981c72653-attachment.html","type":"text/html"}],"parameters":[],"start":1668588743162,"stop":1668588749353},{"name":"As a dev, I want to get the correct status code","status":"failed","statusDetails":{"known":false,"muted":false,"flaky":false,"message":"expected [200] but found [404]","trace":"java.lang.AssertionError: expected [200] but found [404]\n\tat org.testng.Assert.fail(Assert.java:99)\n\tat org.testng.Assert.failNotEquals(Assert.java:1037)\n\tat org.testng.Assert.assertEqualsImpl(Assert.java:140)\n\tat org.testng.Assert.assertEquals(Assert.java:122)\n\tat org.testng.Assert.assertEquals(Assert.java:907)\n\tat org.testng.Assert.assertEquals(Assert.java:917)\n\tat Gokomodo.BE.Rest.controllers.MainBaseMethod.assertStatusCode(MainBaseMethod.java:270)\n\tat Gokomodo.BE.Integration.Rest.pageObjects.Auth.IntegrationLogin.assertAuthStatusCode(IntegrationLogin.java:23)\n\tat Gokomodo.BE.Integration.Rest.tests.LoginTest.loginUser(LoginTest.java:28)\n\tat sun.reflect.NativeMethodAccessorImpl.invoke0(Native Method)\n\tat sun.reflect.NativeMethodAccessorImpl.invoke(NativeMethodAccessorImpl.java:62)\n\tat sun.reflect.DelegatingMethodAccessorImpl.invoke(DelegatingMethodAccessorImpl.java:43)\n\tat java.lang.reflect.Method.invoke(Method.java:498)\n\tat org.testng.internal.MethodInvocationHelper.invokeMethod(MethodInvocationHelper.java:133)\n\tat org.testng.internal.TestInvoker.invokeMethod(TestInvoker.java:598)\n\tat org.testng.internal.TestInvoker.invokeTestMethod(TestInvoker.java:173)\n\tat org.testng.internal.MethodRunner.runInSequence(MethodRunner.java:46)\n\tat org.testng.internal.TestInvoker$MethodInvocationAgent.invoke(TestInvoker.java:824)\n\tat org.testng.internal.TestInvoker.invokeTestMethods(TestInvoker.java:146)\n\tat org.testng.internal.TestMethodWorker.invokeTestMethods(TestMethodWorker.java:146)\n\tat org.testng.internal.TestMethodWorker.run(TestMethodWorker.java:128)\n\tat java.util.ArrayList.forEach(ArrayList.java:1259)\n\tat org.testng.TestRunner.privateRun(TestRunner.java:794)\n\tat org.testng.TestRunner.run(TestRunner.java:596)\n\tat org.testng.SuiteRunner.runTest(SuiteRunner.java:377)\n\tat org.testng.SuiteRunner.runSequentially(SuiteRunner.java:371)\n\tat org.testng.SuiteRunner.privateRun(SuiteRunner.java:332)\n\tat org.testng.SuiteRunner.run(SuiteRunner.java:276)\n\tat org.testng.SuiteRunnerWorker.runSuite(SuiteRunnerWorker.java:53)\n\tat org.testng.SuiteRunnerWorker.run(SuiteRunnerWorker.java:96)\n\tat org.testng.TestNG.runSuitesSequentially(TestNG.java:1212)\n\tat org.testng.TestNG.runSuitesLocally(TestNG.java:1134)\n\tat org.testng.TestNG.runSuites(TestNG.java:1063)\n\tat org.testng.TestNG.run(TestNG.java:1031)\n\tat com.intellij.rt.testng.IDEARemoteTestNG.run(IDEARemoteTestNG.java:66)\n\tat com.intellij.rt.testng.RemoteTestNGStarter.main(RemoteTestNGStarter.java:109)\n"},"stage":"finished","steps":[],"attachments":[],"parameters":[],"start":1668588749357,"stop":1668588749363}],"attachments":[],"parameters":[],"start":1668588742839,"stop":1668588749380,"uuid":"8fccc0ff-282a-4138-9d4e-97c4d49eb8f6","historyId":"a17f250077b4ea2e39ebbeabf0fad681","fullName":"Gokomodo.BE.Integration.Rest.tests.LoginTest.loginUser","labels":[{"name":"package","value":"Gokomodo.BE.Integration.Rest.tests.LoginTest"},{"name":"testClass","value":"Gokomodo.BE.Integration.Rest.tests.LoginTest"},{"name":"testMethod","value":"loginUser"},{"name":"parentSuite","value":"Default Suite"},{"name":"suite","value":"QA-Automation"},{"name":"subSuite","value":"Gokomodo.BE.Integration.Rest.tests.LoginTest"},{"name":"host","value":"Admins-MacBook-Air.local"},{"name":"thread","value":"90577@Admins-MacBook-Air.local.main(1)"},{"name":"framework","value":"testng"},{"name":"language","value":"java"}],"links":[]}