{"name":"Login Denny1","status":"broken","statusDetails":{"known":false,"muted":false,"flaky":false,"message":"Unable to locate element: //body/div[@id='root']/div[1]/div[1]/div[1]/form[1]/div[1]/input[1]\nFor documentation on this error, please visit: https://selenium.dev/exceptions/#no_such_element\nBuild info: version: '4.5.3', revision: '4b786a1e430'\nSystem info: os.name: 'Mac OS X', os.arch: 'x86_64', os.version: '13.0', java.version: '1.8.0_351'\nDriver info: org.openqa.selenium.firefox.FirefoxDriver\nCommand: [fa5af884-9047-48be-9e23-ba358d211c1b, findElement {using=xpath, value=//body/div[@id='root']/div[1]/div[1]/div[1]/form[1]/div[1]/input[1]}]\nCapabilities {acceptInsecureCerts: true, browserName: firefox, browserVersion: 106.0.2, moz:accessibilityChecks: false, moz:buildID: 20221025065831, moz:debuggerAddress: 127.0.0.1:45237, moz:geckodriverVersion: 0.32.0, moz:headless: true, moz:platformVersion: 22.1.0, moz:processID: 94602, moz:profile: /var/folders/nl/18qd52lx0fd..., moz:shutdownTimeout: 60000, moz:useNonSpecCompliantPointerOrigin: false, moz:webdriverClick: true, moz:windowless: false, pageLoadStrategy: normal, platformName: MAC, proxy: Proxy(), se:cdp: ws://127.0.0.1:45237/devtoo..., se:cdpVersion: 85.0, setWindowRect: true, strictFileInteractability: false, timeouts: {implicit: 0, pageLoad: 300000, script: 30000}, unhandledPromptBehavior: dismiss and notify}\nSession ID: fa5af884-9047-48be-9e23-ba358d211c1b","trace":"org.openqa.selenium.NoSuchElementException: Unable to locate element: //body/div[@id='root']/div[1]/div[1]/div[1]/form[1]/div[1]/input[1]\nFor documentation on this error, please visit: https://selenium.dev/exceptions/#no_such_element\nBuild info: version: '4.5.3', revision: '4b786a1e430'\nSystem info: os.name: 'Mac OS X', os.arch: 'x86_64', os.version: '13.0', java.version: '1.8.0_351'\nDriver info: org.openqa.selenium.firefox.FirefoxDriver\nCommand: [fa5af884-9047-48be-9e23-ba358d211c1b, findElement {using=xpath, value=//body/div[@id='root']/div[1]/div[1]/div[1]/form[1]/div[1]/input[1]}]\nCapabilities {acceptInsecureCerts: true, browserName: firefox, browserVersion: 106.0.2, moz:accessibilityChecks: false, moz:buildID: 20221025065831, moz:debuggerAddress: 127.0.0.1:45237, moz:geckodriverVersion: 0.32.0, moz:headless: true, moz:platformVersion: 22.1.0, moz:processID: 94602, moz:profile: /var/folders/nl/18qd52lx0fd..., moz:shutdownTimeout: 60000, moz:useNonSpecCompliantPointerOrigin: false, moz:webdriverClick: true, moz:windowless: false, pageLoadStrategy: normal, platformName: MAC, proxy: Proxy(), se:cdp: ws://127.0.0.1:45237/devtoo..., se:cdpVersion: 85.0, setWindowRect: true, strictFileInteractability: false, timeouts: {implicit: 0, pageLoad: 300000, script: 30000}, unhandledPromptBehavior: dismiss and notify}\nSession ID: fa5af884-9047-48be-9e23-ba358d211c1b\n\tat sun.reflect.NativeConstructorAccessorImpl.newInstance0(Native Method)\n\tat sun.reflect.NativeConstructorAccessorImpl.newInstance(NativeConstructorAccessorImpl.java:62)\n\tat sun.reflect.DelegatingConstructorAccessorImpl.newInstance(DelegatingConstructorAccessorImpl.java:45)\n\tat java.lang.reflect.Constructor.newInstance(Constructor.java:423)\n\tat org.openqa.selenium.remote.codec.w3c.W3CHttpResponseCodec.createException(W3CHttpResponseCodec.java:200)\n\tat org.openqa.selenium.remote.codec.w3c.W3CHttpResponseCodec.decode(W3CHttpResponseCodec.java:133)\n\tat org.openqa.selenium.remote.codec.w3c.W3CHttpResponseCodec.decode(W3CHttpResponseCodec.java:53)\n\tat org.openqa.selenium.remote.HttpCommandExecutor.execute(HttpCommandExecutor.java:184)\n\tat org.openqa.selenium.remote.service.DriverCommandExecutor.invokeExecute(DriverCommandExecutor.java:167)\n\tat org.openqa.selenium.remote.service.DriverCommandExecutor.execute(DriverCommandExecutor.java:142)\n\tat org.openqa.selenium.remote.RemoteWebDriver.execute(RemoteWebDriver.java:541)\n\tat org.openqa.selenium.remote.ElementLocation$ElementFinder$2.findElement(ElementLocation.java:162)\n\tat org.openqa.selenium.remote.ElementLocation.findElement(ElementLocation.java:60)\n\tat org.openqa.selenium.remote.RemoteWebDriver.findElement(RemoteWebDriver.java:365)\n\tat org.openqa.selenium.remote.RemoteWebDriver.findElement(RemoteWebDriver.java:357)\n\tat org.openqa.selenium.support.pagefactory.DefaultElementLocator.findElement(DefaultElementLocator.java:70)\n\tat org.openqa.selenium.support.pagefactory.internal.LocatingElementHandler.invoke(LocatingElementHandler.java:39)\n\tat com.sun.proxy.$Proxy26.getWrappedElement(Unknown Source)\n\tat org.openqa.selenium.remote.internal.WebElementToJsonConverter.apply(WebElementToJsonConverter.java:51)\n\tat java.util.stream.ReferencePipeline$3$1.accept(ReferencePipeline.java:193)\n\tat java.util.Spliterators$ArraySpliterator.forEachRemaining(Spliterators.java:948)\n\tat java.util.stream.AbstractPipeline.copyInto(AbstractPipeline.java:482)\n\tat java.util.stream.AbstractPipeline.wrapAndCopyInto(AbstractPipeline.java:472)\n\tat java.util.stream.ReduceOps$ReduceOp.evaluateSequential(ReduceOps.java:708)\n\tat java.util.stream.AbstractPipeline.evaluate(AbstractPipeline.java:234)\n\tat java.util.stream.ReferencePipeline.collect(ReferencePipeline.java:499)\n\tat org.openqa.selenium.remote.RemoteWebDriver.executeScript(RemoteWebDriver.java:475)\n\tat com.assertthat.selenium_shutterbug.utils.web.Browser.executeJsScript(Browser.java:188)\n\tat com.assertthat.selenium_shutterbug.utils.web.Browser.scrollToElement(Browser.java:178)\n\tat com.assertthat.selenium_shutterbug.core.Shutterbug.shootElement(Shutterbug.java:125)\n\tat com.assertthat.selenium_shutterbug.core.Shutterbug.shootElement(Shutterbug.java:111)\n\tat Gokomodo.FE.Web.Buyer.utils.BuyerAllureAttachments.saveWebElement(BuyerAllureAttachments.java:49)\n\tat Gokomodo.FE.Web.LoginManager.Admin.pageObjects.pages.AdminLoginDenny.InputEmail(AdminLoginDenny.java:27)\n\tat Gokomodo.FE.Web.LoginManager.Admin.tests.LoginAdmin.TestloginAdmin2(LoginAdmin.java:18)\n\tat sun.reflect.NativeMethodAccessorImpl.invoke0(Native Method)\n\tat sun.reflect.NativeMethodAccessorImpl.invoke(NativeMethodAccessorImpl.java:62)\n\tat sun.reflect.DelegatingMethodAccessorImpl.invoke(DelegatingMethodAccessorImpl.java:43)\n\tat java.lang.reflect.Method.invoke(Method.java:498)\n\tat org.testng.internal.MethodInvocationHelper.invokeMethod(MethodInvocationHelper.java:133)\n\tat org.testng.internal.TestInvoker.invokeMethod(TestInvoker.java:598)\n\tat org.testng.internal.TestInvoker.invokeTestMethod(TestInvoker.java:173)\n\tat org.testng.internal.MethodRunner.runInSequence(MethodRunner.java:46)\n\tat org.testng.internal.TestInvoker$MethodInvocationAgent.invoke(TestInvoker.java:824)\n\tat org.testng.internal.TestInvoker.invokeTestMethods(TestInvoker.java:146)\n\tat org.testng.internal.TestMethodWorker.invokeTestMethods(TestMethodWorker.java:146)\n\tat org.testng.internal.TestMethodWorker.run(TestMethodWorker.java:128)\n\tat java.util.ArrayList.forEach(ArrayList.java:1259)\n\tat org.testng.TestRunner.privateRun(TestRunner.java:794)\n\tat org.testng.TestRunner.run(TestRunner.java:596)\n\tat org.testng.SuiteRunner.runTest(SuiteRunner.java:377)\n\tat org.testng.SuiteRunner.access$000(SuiteRunner.java:28)\n\tat org.testng.SuiteRunner$SuiteWorker.run(SuiteRunner.java:418)\n\tat org.testng.internal.thread.ThreadUtil.lambda$execute$0(ThreadUtil.java:64)\n\tat java.util.concurrent.FutureTask.run(FutureTask.java:266)\n\tat java.util.concurrent.ThreadPoolExecutor.runWorker(ThreadPoolExecutor.java:1149)\n\tat java.util.concurrent.ThreadPoolExecutor$Worker.run(ThreadPoolExecutor.java:624)\n\tat java.lang.Thread.run(Thread.java:750)\n"},"stage":"finished","description":"Login Admin","steps":[{"name":"As a user already input email","status":"broken","statusDetails":{"known":false,"muted":false,"flaky":false,"message":"Unable to locate element: //body/div[@id='root']/div[1]/div[1]/div[1]/form[1]/div[1]/input[1]\nFor documentation on this error, please visit: https://selenium.dev/exceptions/#no_such_element\nBuild info: version: '4.5.3', revision: '4b786a1e430'\nSystem info: os.name: 'Mac OS X', os.arch: 'x86_64', os.version: '13.0', java.version: '1.8.0_351'\nDriver info: org.openqa.selenium.firefox.FirefoxDriver\nCommand: [fa5af884-9047-48be-9e23-ba358d211c1b, findElement {using=xpath, value=//body/div[@id='root']/div[1]/div[1]/div[1]/form[1]/div[1]/input[1]}]\nCapabilities {acceptInsecureCerts: true, browserName: firefox, browserVersion: 106.0.2, moz:accessibilityChecks: false, moz:buildID: 20221025065831, moz:debuggerAddress: 127.0.0.1:45237, moz:geckodriverVersion: 0.32.0, moz:headless: true, moz:platformVersion: 22.1.0, moz:processID: 94602, moz:profile: /var/folders/nl/18qd52lx0fd..., moz:shutdownTimeout: 60000, moz:useNonSpecCompliantPointerOrigin: false, moz:webdriverClick: true, moz:windowless: false, pageLoadStrategy: normal, platformName: MAC, proxy: Proxy(), se:cdp: ws://127.0.0.1:45237/devtoo..., se:cdpVersion: 85.0, setWindowRect: true, strictFileInteractability: false, timeouts: {implicit: 0, pageLoad: 300000, script: 30000}, unhandledPromptBehavior: dismiss and notify}\nSession ID: fa5af884-9047-48be-9e23-ba358d211c1b","trace":"org.openqa.selenium.NoSuchElementException: Unable to locate element: //body/div[@id='root']/div[1]/div[1]/div[1]/form[1]/div[1]/input[1]\nFor documentation on this error, please visit: https://selenium.dev/exceptions/#no_such_element\nBuild info: version: '4.5.3', revision: '4b786a1e430'\nSystem info: os.name: 'Mac OS X', os.arch: 'x86_64', os.version: '13.0', java.version: '1.8.0_351'\nDriver info: org.openqa.selenium.firefox.FirefoxDriver\nCommand: [fa5af884-9047-48be-9e23-ba358d211c1b, findElement {using=xpath, value=//body/div[@id='root']/div[1]/div[1]/div[1]/form[1]/div[1]/input[1]}]\nCapabilities {acceptInsecureCerts: true, browserName: firefox, browserVersion: 106.0.2, moz:accessibilityChecks: false, moz:buildID: 20221025065831, moz:debuggerAddress: 127.0.0.1:45237, moz:geckodriverVersion: 0.32.0, moz:headless: true, moz:platformVersion: 22.1.0, moz:processID: 94602, moz:profile: /var/folders/nl/18qd52lx0fd..., moz:shutdownTimeout: 60000, moz:useNonSpecCompliantPointerOrigin: false, moz:webdriverClick: true, moz:windowless: false, pageLoadStrategy: normal, platformName: MAC, proxy: Proxy(), se:cdp: ws://127.0.0.1:45237/devtoo..., se:cdpVersion: 85.0, setWindowRect: true, strictFileInteractability: false, timeouts: {implicit: 0, pageLoad: 300000, script: 30000}, unhandledPromptBehavior: dismiss and notify}\nSession ID: fa5af884-9047-48be-9e23-ba358d211c1b\n\tat sun.reflect.NativeConstructorAccessorImpl.newInstance0(Native Method)\n\tat sun.reflect.NativeConstructorAccessorImpl.newInstance(NativeConstructorAccessorImpl.java:62)\n\tat sun.reflect.DelegatingConstructorAccessorImpl.newInstance(DelegatingConstructorAccessorImpl.java:45)\n\tat java.lang.reflect.Constructor.newInstance(Constructor.java:423)\n\tat org.openqa.selenium.remote.codec.w3c.W3CHttpResponseCodec.createException(W3CHttpResponseCodec.java:200)\n\tat org.openqa.selenium.remote.codec.w3c.W3CHttpResponseCodec.decode(W3CHttpResponseCodec.java:133)\n\tat org.openqa.selenium.remote.codec.w3c.W3CHttpResponseCodec.decode(W3CHttpResponseCodec.java:53)\n\tat org.openqa.selenium.remote.HttpCommandExecutor.execute(HttpCommandExecutor.java:184)\n\tat org.openqa.selenium.remote.service.DriverCommandExecutor.invokeExecute(DriverCommandExecutor.java:167)\n\tat org.openqa.selenium.remote.service.DriverCommandExecutor.execute(DriverCommandExecutor.java:142)\n\tat org.openqa.selenium.remote.RemoteWebDriver.execute(RemoteWebDriver.java:541)\n\tat org.openqa.selenium.remote.ElementLocation$ElementFinder$2.findElement(ElementLocation.java:162)\n\tat org.openqa.selenium.remote.ElementLocation.findElement(ElementLocation.java:60)\n\tat org.openqa.selenium.remote.RemoteWebDriver.findElement(RemoteWebDriver.java:365)\n\tat org.openqa.selenium.remote.RemoteWebDriver.findElement(RemoteWebDriver.java:357)\n\tat org.openqa.selenium.support.pagefactory.DefaultElementLocator.findElement(DefaultElementLocator.java:70)\n\tat org.openqa.selenium.support.pagefactory.internal.LocatingElementHandler.invoke(LocatingElementHandler.java:39)\n\tat com.sun.proxy.$Proxy26.getWrappedElement(Unknown Source)\n\tat org.openqa.selenium.remote.internal.WebElementToJsonConverter.apply(WebElementToJsonConverter.java:51)\n\tat java.util.stream.ReferencePipeline$3$1.accept(ReferencePipeline.java:193)\n\tat java.util.Spliterators$ArraySpliterator.forEachRemaining(Spliterators.java:948)\n\tat java.util.stream.AbstractPipeline.copyInto(AbstractPipeline.java:482)\n\tat java.util.stream.AbstractPipeline.wrapAndCopyInto(AbstractPipeline.java:472)\n\tat java.util.stream.ReduceOps$ReduceOp.evaluateSequential(ReduceOps.java:708)\n\tat java.util.stream.AbstractPipeline.evaluate(AbstractPipeline.java:234)\n\tat java.util.stream.ReferencePipeline.collect(ReferencePipeline.java:499)\n\tat org.openqa.selenium.remote.RemoteWebDriver.executeScript(RemoteWebDriver.java:475)\n\tat com.assertthat.selenium_shutterbug.utils.web.Browser.executeJsScript(Browser.java:188)\n\tat com.assertthat.selenium_shutterbug.utils.web.Browser.scrollToElement(Browser.java:178)\n\tat com.assertthat.selenium_shutterbug.core.Shutterbug.shootElement(Shutterbug.java:125)\n\tat com.assertthat.selenium_shutterbug.core.Shutterbug.shootElement(Shutterbug.java:111)\n\tat Gokomodo.FE.Web.Buyer.utils.BuyerAllureAttachments.saveWebElement(BuyerAllureAttachments.java:49)\n\tat Gokomodo.FE.Web.LoginManager.Admin.pageObjects.pages.AdminLoginDenny.InputEmail(AdminLoginDenny.java:27)\n\tat Gokomodo.FE.Web.LoginManager.Admin.tests.LoginAdmin.TestloginAdmin2(LoginAdmin.java:18)\n\tat sun.reflect.NativeMethodAccessorImpl.invoke0(Native Method)\n\tat sun.reflect.NativeMethodAccessorImpl.invoke(NativeMethodAccessorImpl.java:62)\n\tat sun.reflect.DelegatingMethodAccessorImpl.invoke(DelegatingMethodAccessorImpl.java:43)\n\tat java.lang.reflect.Method.invoke(Method.java:498)\n\tat org.testng.internal.MethodInvocationHelper.invokeMethod(MethodInvocationHelper.java:133)\n\tat org.testng.internal.TestInvoker.invokeMethod(TestInvoker.java:598)\n\tat org.testng.internal.TestInvoker.invokeTestMethod(TestInvoker.java:173)\n\tat org.testng.internal.MethodRunner.runInSequence(MethodRunner.java:46)\n\tat org.testng.internal.TestInvoker$MethodInvocationAgent.invoke(TestInvoker.java:824)\n\tat org.testng.internal.TestInvoker.invokeTestMethods(TestInvoker.java:146)\n\tat org.testng.internal.TestMethodWorker.invokeTestMethods(TestMethodWorker.java:146)\n\tat org.testng.internal.TestMethodWorker.run(TestMethodWorker.java:128)\n\tat java.util.ArrayList.forEach(ArrayList.java:1259)\n\tat org.testng.TestRunner.privateRun(TestRunner.java:794)\n\tat org.testng.TestRunner.run(TestRunner.java:596)\n\tat org.testng.SuiteRunner.runTest(SuiteRunner.java:377)\n\tat org.testng.SuiteRunner.access$000(SuiteRunner.java:28)\n\tat org.testng.SuiteRunner$SuiteWorker.run(SuiteRunner.java:418)\n\tat org.testng.internal.thread.ThreadUtil.lambda$execute$0(ThreadUtil.java:64)\n\tat java.util.concurrent.FutureTask.run(FutureTask.java:266)\n\tat java.util.concurrent.ThreadPoolExecutor.runWorker(ThreadPoolExecutor.java:1149)\n\tat java.util.concurrent.ThreadPoolExecutor$Worker.run(ThreadPoolExecutor.java:624)\n\tat java.lang.Thread.run(Thread.java:750)\n"},"stage":"finished","steps":[],"attachments":[],"parameters":[],"start":1668593823342,"stop":1668593834439}],"attachments":[],"parameters":[],"start":1668593823336,"stop":1668593834444,"uuid":"9cd1bd65-9398-4630-bc51-e8d8be2abcf7","historyId":"c63be70daaba37626f4be65237240dda","fullName":"Gokomodo.FE.Web.LoginManager.Admin.tests.LoginAdmin.TestloginAdmin2","labels":[{"name":"package","value":"Gokomodo.FE.Web.LoginManager.Admin.tests.LoginAdmin"},{"name":"testClass","value":"Gokomodo.FE.Web.LoginManager.Admin.tests.LoginAdmin"},{"name":"testMethod","value":"TestloginAdmin2"},{"name":"parentSuite","value":"End to End Web QA Gokomodo"},{"name":"suite","value":"TestBuyerGokomodo"},{"name":"subSuite","value":"Gokomodo.FE.Web.LoginManager.Admin.tests.LoginAdmin"},{"name":"host","value":"Admins-MacBook-Air.local"},{"name":"thread","value":"94245@Admins-MacBook-Air.local.TestNG-tests-1(21)"},{"name":"framework","value":"testng"},{"name":"language","value":"java"}],"links":[]}